# JRE version: Java(TM) SE Runtime Environment 18.9 (11.0.15+8) (build 11.0.15+8-LTS-149)
# Java VM: Java HotSpot(TM) 64-Bit Server VM 18.9 (11.0.15+8-LTS-149, mixed mode, tiered, compressed oops, g1 gc, windows-amd64)
Heap:
 garbage-first heap   total 189440K, used 23264K [0x0000000080000000, 0x0000000100000000)
  region size 1024K, 16 young (16384K), 9 survivors (9216K)
 Metaspace       used 44003K, capacity 45132K, committed 45392K, reserved 1089536K
  class space    used 5271K, capacity 5753K, committed 5760K, reserved 1048576K
GC Heap History (10 events):
Event: 3.542 GC heap before
{Heap before GC invocations=4 (full 0):
 garbage-first heap   total 131072K, used 25104K [0x0000000080000000, 0x0000000100000000)
  region size 1024K, 22 young (22528K), 2 survivors (2048K)
 Metaspace       used 20762K, capacity 21229K, committed 21248K, reserved 1069056K
  class space    used 2356K, capacity 2541K, committed 2560K, reserved 1048576K
}
Event: 3.553 GC heap after
{Heap after GC invocations=5 (full 0):
 garbage-first heap   total 157696K, used 7510K [0x0000000080000000, 0x0000000100000000)
  region size 1024K, 2 young (2048K), 2 survivors (2048K)
 Metaspace       used 20762K, capacity 21229K, committed 21248K, reserved 1069056K
  class space    used 2356K, capacity 2541K, committed 2560K, reserved 1048576K
}
Event: 4.378 GC heap before
{Heap before GC invocations=6 (full 0):
 garbage-first heap   total 157696K, used 36182K [0x0000000080000000, 0x0000000100000000)
  region size 1024K, 31 young (31744K), 2 survivors (2048K)
 Metaspace       used 24473K, capacity 25057K, committed 25212K, reserved 1071104K
  class space    used 2899K, capacity 3159K, committed 3200K, reserved 1048576K
}
Event: 4.388 GC heap after
{Heap after GC invocations=7 (full 0):
 garbage-first heap   total 157696K, used 9084K [0x0000000080000000, 0x0000000100000000)
  region size 1024K, 4 young (4096K), 4 survivors (4096K)
 Metaspace       used 24473K, capacity 25057K, committed 25212K, reserved 1071104K
  class space    used 2899K, capacity 3159K, committed 3200K, reserved 1048576K
}
Event: 5.727 GC heap before
{Heap before GC invocations=7 (full 0):
 garbage-first heap   total 157696K, used 52092K [0x0000000080000000, 0x0000000100000000)
  region size 1024K, 46 young (47104K), 4 survivors (4096K)
 Metaspace       used 31226K, capacity 31972K, committed 32124K, reserved 1077248K
  class space    used 3645K, capacity 3944K, committed 3968K, reserved 1048576K
}
Event: 5.742 GC heap after
{Heap after GC invocations=8 (full 0):
 garbage-first heap   total 157696K, used 11471K [0x0000000080000000, 0x0000000100000000)
  region size 1024K, 5 young (5120K), 5 survivors (5120K)
 Metaspace       used 31226K, capacity 31972K, committed 32124K, reserved 1077248K
  class space    used 3645K, capacity 3944K, committed 3968K, reserved 1048576K
}
Event: 6.812 GC heap before
{Heap before GC invocations=8 (full 0):
 garbage-first heap   total 157696K, used 35023K [0x0000000080000000, 0x0000000100000000)
  region size 1024K, 29 young (29696K), 5 survivors (5120K)
 Metaspace       used 35123K, capacity 35939K, committed 36048K, reserved 1081344K
  class space    used 4195K, capacity 4561K, committed 4608K, reserved 1048576K
}
Event: 6.828 GC heap after
{Heap after GC invocations=9 (full 0):
 garbage-first heap   total 157696K, used 13288K [0x0000000080000000, 0x0000000100000000)
  region size 1024K, 6 young (6144K), 6 survivors (6144K)
 Metaspace       used 35123K, capacity 35939K, committed 36048K, reserved 1081344K
  class space    used 4195K, capacity 4561K, committed 4608K, reserved 1048576K
}
Event: 39.933 GC heap before
{Heap before GC invocations=10 (full 0):
 garbage-first heap   total 157696K, used 83944K [0x0000000080000000, 0x0000000100000000)
  region size 1024K, 71 young (72704K), 6 survivors (6144K)
 Metaspace       used 42799K, capacity 43928K, committed 43984K, reserved 1087488K
  class space    used 5136K, capacity 5609K, committed 5632K, reserved 1048576K
}
Event: 39.963 GC heap after
{Heap after GC invocations=11 (full 0):
 garbage-first heap   total 189440K, used 17120K [0x0000000080000000, 0x0000000100000000)
  region size 1024K, 9 young (9216K), 9 survivors (9216K)
 Metaspace       used 42799K, capacity 43928K, committed 43984K, reserved 1087488K
  class space    used 5136K, capacity 5609K, committed 5632K, reserved 1048576K
}

